[workout] 2022-07-22 13:57:11,153-0300 INFO  (main) com.example.luizmangerotte.workout.WorkoutApplication - Starting application
[workout] 2022-07-22 13:57:12,096-0300 INFO  (main) com.example.luizmangerotte.workout.WorkoutApplication - Starting WorkoutApplication using Java 18.0.1.1 on DESKTOP-QUIJU4Q with PID 8636 (C:\Users\Luiz\Desktop\Java - Udemy\workout\workout\target\classes started by Luiz in C:\Users\Luiz\Desktop\Java - Udemy\workout)
[workout] 2022-07-22 13:57:12,098-0300 INFO  (main) com.example.luizmangerotte.workout.WorkoutApplication - The following 1 profile is active: "test"
[workout] 2022-07-22 13:57:15,406-0300 INFO  (main) org.springframework.data.repository.config.RepositoryConfigurationDelegate - Bootstrapping Spring Data JPA repositories in DEFAULT mode.
[workout] 2022-07-22 13:57:15,659-0300 INFO  (main) org.springframework.data.repository.config.RepositoryConfigurationDelegate - Finished Spring Data repository scanning in 230 ms. Found 11 JPA repository interfaces.
[workout] 2022-07-22 13:57:17,150-0300 INFO  (main) org.springframework.boot.web.embedded.tomcat.TomcatWebServer - Tomcat initialized with port(s): 8080 (http)
[workout] 2022-07-22 13:57:17,166-0300 INFO  (main) org.apache.coyote.http11.Http11NioProtocol - Initializing ProtocolHandler ["http-nio-8080"]
[workout] 2022-07-22 13:57:17,167-0300 INFO  (main) org.apache.catalina.core.StandardService - Starting service [Tomcat]
[workout] 2022-07-22 13:57:17,168-0300 INFO  (main) org.apache.catalina.core.StandardEngine - Starting Servlet engine: [Apache Tomcat/9.0.64]
[workout] 2022-07-22 13:57:17,354-0300 INFO  (main) org.apache.catalina.core.ContainerBase.[Tomcat].[localhost].[/] - Initializing Spring embedded WebApplicationContext
[workout] 2022-07-22 13:57:17,354-0300 INFO  (main) org.springframework.boot.web.servlet.context.ServletWebServerApplicationContext - Root WebApplicationContext: initialization completed in 5169 ms
[workout] 2022-07-22 13:57:17,395-0300 INFO  (main) com.zaxxer.hikari.HikariDataSource - HikariPool-1 - Starting...
[workout] 2022-07-22 13:57:17,689-0300 INFO  (main) com.zaxxer.hikari.HikariDataSource - HikariPool-1 - Start completed.
[workout] 2022-07-22 13:57:17,713-0300 INFO  (main) org.springframework.boot.autoconfigure.h2.H2ConsoleAutoConfiguration - H2 console available at '/h2-console'. Database available at 'jdbc:h2:mem:testdb'
[workout] 2022-07-22 13:57:18,006-0300 INFO  (main) org.hibernate.jpa.internal.util.LogHelper - HHH000204: Processing PersistenceUnitInfo [name: default]
[workout] 2022-07-22 13:57:18,099-0300 INFO  (main) org.hibernate.Version - HHH000412: Hibernate ORM core version 5.6.9.Final
[workout] 2022-07-22 13:57:18,370-0300 INFO  (main) org.hibernate.annotations.common.Version - HCANN000001: Hibernate Commons Annotations {5.1.2.Final}
[workout] 2022-07-22 13:57:18,533-0300 INFO  (main) org.hibernate.dialect.Dialect - HHH000400: Using dialect: org.hibernate.dialect.H2Dialect
[workout] 2022-07-22 13:57:19,839-0300 INFO  (main) org.hibernate.engine.transaction.jta.platform.internal.JtaPlatformInitiator - HHH000490: Using JtaPlatform implementation: [org.hibernate.engine.transaction.jta.platform.internal.NoJtaPlatform]
[workout] 2022-07-22 13:57:19,850-0300 INFO  (main) org.springframework.orm.jpa.LocalContainerEntityManagerFactoryBean - Initialized JPA EntityManagerFactory for persistence unit 'default'
[workout] 2022-07-22 13:57:22,000-0300 INFO  (main) org.springframework.security.web.DefaultSecurityFilterChain - Will secure any request with [org.springframework.security.web.session.DisableEncodeUrlFilter@7375ebe7, org.springframework.security.web.context.request.async.WebAsyncManagerIntegrationFilter@16a7af5d, org.springframework.security.web.context.SecurityContextPersistenceFilter@6ae55678, org.springframework.security.web.header.HeaderWriterFilter@2cd6fae8, org.springframework.security.web.authentication.logout.LogoutFilter@6391d34f, org.springframework.security.web.authentication.www.BasicAuthenticationFilter@6aaed880, org.springframework.security.web.savedrequest.RequestCacheAwareFilter@2a0d8df8, org.springframework.security.web.servletapi.SecurityContextHolderAwareRequestFilter@63be4548, org.springframework.security.web.authentication.AnonymousAuthenticationFilter@207358ad, org.springframework.security.web.session.SessionManagementFilter@773ad729, org.springframework.security.web.access.ExceptionTranslationFilter@7d0e46dd, org.springframework.security.web.access.intercept.AuthorizationFilter@101eb529]
[workout] 2022-07-22 13:57:22,004-0300 WARN  (main) org.springframework.security.config.annotation.web.builders.WebSecurity - You are asking Spring Security to ignore Ant [pattern='/h2-console/**']. This is not recommended -- please use permitAll via HttpSecurity#authorizeHttpRequests instead.
[workout] 2022-07-22 13:57:22,004-0300 INFO  (main) org.springframework.security.web.DefaultSecurityFilterChain - Will not secure Ant [pattern='/h2-console/**']
[workout] 2022-07-22 13:57:22,336-0300 INFO  (main) org.apache.coyote.http11.Http11NioProtocol - Starting ProtocolHandler ["http-nio-8080"]
[workout] 2022-07-22 13:57:22,366-0300 INFO  (main) org.springframework.boot.web.embedded.tomcat.TomcatWebServer - Tomcat started on port(s): 8080 (http) with context path ''
[workout] 2022-07-22 13:57:23,100-0300 INFO  (main) com.example.luizmangerotte.workout.WorkoutApplication - Started WorkoutApplication in 11.713 seconds (JVM running for 12.607)
[workout] 2022-07-22 13:57:23,346-0300 INFO  (main) com.example.luizmangerotte.workout.WorkoutApplication - Aplication run
[workout] 2022-07-22 14:02:59,724-0300 INFO  (SpringApplicationShutdownHook) org.springframework.orm.jpa.LocalContainerEntityManagerFactoryBean - Closing JPA EntityManagerFactory for persistence unit 'default'
[workout] 2022-07-22 14:02:59,726-0300 INFO  (SpringApplicationShutdownHook) org.hibernate.tool.schema.internal.SchemaDropperImpl$DelayedDropActionImpl - HHH000477: Starting delayed evictData of schema as part of SessionFactory shut-down'
[workout] 2022-07-22 14:02:59,860-0300 INFO  (SpringApplicationShutdownHook) com.zaxxer.hikari.HikariDataSource - HikariPool-1 - Shutdown initiated...
[workout] 2022-07-22 14:02:59,863-0300 INFO  (SpringApplicationShutdownHook) com.zaxxer.hikari.HikariDataSource - HikariPool-1 - Shutdown completed.
[workout] 2022-07-22 14:03:05,342-0300 INFO  (main) com.example.luizmangerotte.workout.WorkoutApplication - Starting application
[workout] 2022-07-22 14:03:06,039-0300 INFO  (main) com.example.luizmangerotte.workout.WorkoutApplication - Starting WorkoutApplication using Java 18.0.1.1 on DESKTOP-QUIJU4Q with PID 7464 (C:\Users\Luiz\Desktop\Java - Udemy\workout\workout\target\classes started by Luiz in C:\Users\Luiz\Desktop\Java - Udemy\workout)
[workout] 2022-07-22 14:03:06,040-0300 INFO  (main) com.example.luizmangerotte.workout.WorkoutApplication - The following 1 profile is active: "test"
[workout] 2022-07-22 14:03:07,443-0300 INFO  (main) org.springframework.data.repository.config.RepositoryConfigurationDelegate - Bootstrapping Spring Data JPA repositories in DEFAULT mode.
[workout] 2022-07-22 14:03:07,569-0300 INFO  (main) org.springframework.data.repository.config.RepositoryConfigurationDelegate - Finished Spring Data repository scanning in 114 ms. Found 11 JPA repository interfaces.
[workout] 2022-07-22 14:03:08,572-0300 INFO  (main) org.springframework.boot.web.embedded.tomcat.TomcatWebServer - Tomcat initialized with port(s): 8080 (http)
[workout] 2022-07-22 14:03:08,587-0300 INFO  (main) org.apache.coyote.http11.Http11NioProtocol - Initializing ProtocolHandler ["http-nio-8080"]
[workout] 2022-07-22 14:03:08,588-0300 INFO  (main) org.apache.catalina.core.StandardService - Starting service [Tomcat]
[workout] 2022-07-22 14:03:08,588-0300 INFO  (main) org.apache.catalina.core.StandardEngine - Starting Servlet engine: [Apache Tomcat/9.0.64]
[workout] 2022-07-22 14:03:08,754-0300 INFO  (main) org.apache.catalina.core.ContainerBase.[Tomcat].[localhost].[/] - Initializing Spring embedded WebApplicationContext
[workout] 2022-07-22 14:03:08,754-0300 INFO  (main) org.springframework.boot.web.servlet.context.ServletWebServerApplicationContext - Root WebApplicationContext: initialization completed in 2620 ms
[workout] 2022-07-22 14:03:08,809-0300 INFO  (main) com.zaxxer.hikari.HikariDataSource - HikariPool-1 - Starting...
[workout] 2022-07-22 14:03:09,080-0300 INFO  (main) com.zaxxer.hikari.HikariDataSource - HikariPool-1 - Start completed.
[workout] 2022-07-22 14:03:09,092-0300 INFO  (main) org.springframework.boot.autoconfigure.h2.H2ConsoleAutoConfiguration - H2 console available at '/h2-console'. Database available at 'jdbc:h2:mem:testdb'
[workout] 2022-07-22 14:03:09,354-0300 INFO  (main) org.hibernate.jpa.internal.util.LogHelper - HHH000204: Processing PersistenceUnitInfo [name: default]
[workout] 2022-07-22 14:03:09,451-0300 INFO  (main) org.hibernate.Version - HHH000412: Hibernate ORM core version 5.6.9.Final
[workout] 2022-07-22 14:03:09,738-0300 INFO  (main) org.hibernate.annotations.common.Version - HCANN000001: Hibernate Commons Annotations {5.1.2.Final}
[workout] 2022-07-22 14:03:09,902-0300 INFO  (main) org.hibernate.dialect.Dialect - HHH000400: Using dialect: org.hibernate.dialect.H2Dialect
[workout] 2022-07-22 14:03:10,834-0300 INFO  (main) org.hibernate.engine.transaction.jta.platform.internal.JtaPlatformInitiator - HHH000490: Using JtaPlatform implementation: [org.hibernate.engine.transaction.jta.platform.internal.NoJtaPlatform]
[workout] 2022-07-22 14:03:10,843-0300 INFO  (main) org.springframework.orm.jpa.LocalContainerEntityManagerFactoryBean - Initialized JPA EntityManagerFactory for persistence unit 'default'
[workout] 2022-07-22 14:03:12,417-0300 INFO  (main) org.springframework.security.web.DefaultSecurityFilterChain - Will secure any request with [org.springframework.security.web.session.DisableEncodeUrlFilter@18487f92, org.springframework.security.web.context.request.async.WebAsyncManagerIntegrationFilter@252f00ba, org.springframework.security.web.context.SecurityContextPersistenceFilter@1deca369, org.springframework.security.web.header.HeaderWriterFilter@18edbed9, org.springframework.security.web.authentication.logout.LogoutFilter@240fa4ad, org.springframework.security.web.authentication.www.BasicAuthenticationFilter@6a9b8f33, org.springframework.security.web.savedrequest.RequestCacheAwareFilter@2735a7dc, org.springframework.security.web.servletapi.SecurityContextHolderAwareRequestFilter@549b26d7, org.springframework.security.web.authentication.AnonymousAuthenticationFilter@4667c6d9, org.springframework.security.web.session.SessionManagementFilter@522221e1, org.springframework.security.web.access.ExceptionTranslationFilter@569d6e0d, org.springframework.security.web.access.intercept.AuthorizationFilter@492e9e87]
[workout] 2022-07-22 14:03:12,423-0300 WARN  (main) org.springframework.security.config.annotation.web.builders.WebSecurity - You are asking Spring Security to ignore Ant [pattern='/h2-console/**']. This is not recommended -- please use permitAll via HttpSecurity#authorizeHttpRequests instead.
[workout] 2022-07-22 14:03:12,424-0300 INFO  (main) org.springframework.security.web.DefaultSecurityFilterChain - Will not secure Ant [pattern='/h2-console/**']
[workout] 2022-07-22 14:03:12,803-0300 INFO  (main) org.apache.coyote.http11.Http11NioProtocol - Starting ProtocolHandler ["http-nio-8080"]
[workout] 2022-07-22 14:03:12,829-0300 INFO  (main) org.springframework.boot.web.embedded.tomcat.TomcatWebServer - Tomcat started on port(s): 8080 (http) with context path ''
[workout] 2022-07-22 14:03:13,408-0300 INFO  (main) com.example.luizmangerotte.workout.WorkoutApplication - Started WorkoutApplication in 7.896 seconds (JVM running for 8.694)
[workout] 2022-07-22 14:03:13,625-0300 INFO  (main) com.example.luizmangerotte.workout.WorkoutApplication - Aplication run
[workout] 2022-07-22 14:03:18,575-0300 INFO  (SpringApplicationShutdownHook) org.springframework.orm.jpa.LocalContainerEntityManagerFactoryBean - Closing JPA EntityManagerFactory for persistence unit 'default'
[workout] 2022-07-22 14:03:18,577-0300 INFO  (SpringApplicationShutdownHook) org.hibernate.tool.schema.internal.SchemaDropperImpl$DelayedDropActionImpl - HHH000477: Starting delayed evictData of schema as part of SessionFactory shut-down'
[workout] 2022-07-22 14:03:18,712-0300 INFO  (SpringApplicationShutdownHook) com.zaxxer.hikari.HikariDataSource - HikariPool-1 - Shutdown initiated...
[workout] 2022-07-22 14:03:18,716-0300 INFO  (SpringApplicationShutdownHook) com.zaxxer.hikari.HikariDataSource - HikariPool-1 - Shutdown completed.
