[workout] 2022-07-16 22:50:45,395-0300 INFO  (main) com.example.luizmangerotte.workout.WorkoutApplication - Starting application
[workout] 2022-07-16 22:50:46,178-0300 INFO  (main) com.example.luizmangerotte.workout.WorkoutApplication - Starting WorkoutApplication using Java 18.0.1.1 on DESKTOP-QUIJU4Q with PID 9604 (C:\Users\Luiz\Desktop\Java - Udemy\workout\workout\target\classes started by Luiz in C:\Users\Luiz\Desktop\Java - Udemy\workout)
[workout] 2022-07-16 22:50:46,178-0300 INFO  (main) com.example.luizmangerotte.workout.WorkoutApplication - The following 1 profile is active: "test"
[workout] 2022-07-16 22:50:47,278-0300 INFO  (main) org.springframework.data.repository.config.RepositoryConfigurationDelegate - Bootstrapping Spring Data JPA repositories in DEFAULT mode.
[workout] 2022-07-16 22:50:47,403-0300 INFO  (main) org.springframework.data.repository.config.RepositoryConfigurationDelegate - Finished Spring Data repository scanning in 110 ms. Found 9 JPA repository interfaces.
[workout] 2022-07-16 22:50:48,228-0300 INFO  (main) org.springframework.boot.web.embedded.tomcat.TomcatWebServer - Tomcat initialized with port(s): 8080 (http)
[workout] 2022-07-16 22:50:48,243-0300 INFO  (main) org.apache.coyote.http11.Http11NioProtocol - Initializing ProtocolHandler ["http-nio-8080"]
[workout] 2022-07-16 22:50:48,243-0300 INFO  (main) org.apache.catalina.core.StandardService - Starting service [Tomcat]
[workout] 2022-07-16 22:50:48,243-0300 INFO  (main) org.apache.catalina.core.StandardEngine - Starting Servlet engine: [Apache Tomcat/9.0.64]
[workout] 2022-07-16 22:50:48,400-0300 INFO  (main) org.apache.catalina.core.ContainerBase.[Tomcat].[localhost].[/] - Initializing Spring embedded WebApplicationContext
[workout] 2022-07-16 22:50:48,400-0300 INFO  (main) org.springframework.boot.web.servlet.context.ServletWebServerApplicationContext - Root WebApplicationContext: initialization completed in 2131 ms
[workout] 2022-07-16 22:50:48,431-0300 INFO  (main) com.zaxxer.hikari.HikariDataSource - HikariPool-1 - Starting...
[workout] 2022-07-16 22:50:48,712-0300 INFO  (main) com.zaxxer.hikari.HikariDataSource - HikariPool-1 - Start completed.
[workout] 2022-07-16 22:50:48,728-0300 INFO  (main) org.springframework.boot.autoconfigure.h2.H2ConsoleAutoConfiguration - H2 console available at '/h2-console'. Database available at 'jdbc:h2:mem:testdb'
[workout] 2022-07-16 22:50:48,953-0300 INFO  (main) org.hibernate.jpa.internal.util.LogHelper - HHH000204: Processing PersistenceUnitInfo [name: default]
[workout] 2022-07-16 22:50:49,031-0300 INFO  (main) org.hibernate.Version - HHH000412: Hibernate ORM core version 5.6.9.Final
[workout] 2022-07-16 22:50:49,265-0300 INFO  (main) org.hibernate.annotations.common.Version - HCANN000001: Hibernate Commons Annotations {5.1.2.Final}
[workout] 2022-07-16 22:50:49,422-0300 INFO  (main) org.hibernate.dialect.Dialect - HHH000400: Using dialect: org.hibernate.dialect.H2Dialect
[workout] 2022-07-16 22:50:50,318-0300 INFO  (main) org.hibernate.engine.transaction.jta.platform.internal.JtaPlatformInitiator - HHH000490: Using JtaPlatform implementation: [org.hibernate.engine.transaction.jta.platform.internal.NoJtaPlatform]
[workout] 2022-07-16 22:50:50,318-0300 INFO  (main) org.springframework.orm.jpa.LocalContainerEntityManagerFactoryBean - Initialized JPA EntityManagerFactory for persistence unit 'default'
[workout] 2022-07-16 22:50:51,474-0300 INFO  (main) org.apache.coyote.http11.Http11NioProtocol - Starting ProtocolHandler ["http-nio-8080"]
[workout] 2022-07-16 22:50:51,490-0300 INFO  (main) org.springframework.boot.web.embedded.tomcat.TomcatWebServer - Tomcat started on port(s): 8080 (http) with context path ''
[workout] 2022-07-16 22:50:51,506-0300 INFO  (main) com.example.luizmangerotte.workout.WorkoutApplication - Started WorkoutApplication in 5.956 seconds (JVM running for 6.767)
[workout] 2022-07-16 22:50:51,678-0300 INFO  (main) com.example.luizmangerotte.workout.WorkoutApplication - Aplication run
[workout] 2022-07-16 22:51:24,037-0300 INFO  (SpringApplicationShutdownHook) org.springframework.orm.jpa.LocalContainerEntityManagerFactoryBean - Closing JPA EntityManagerFactory for persistence unit 'default'
[workout] 2022-07-16 22:51:24,052-0300 INFO  (SpringApplicationShutdownHook) org.hibernate.tool.schema.internal.SchemaDropperImpl$DelayedDropActionImpl - HHH000477: Starting delayed evictData of schema as part of SessionFactory shut-down'
[workout] 2022-07-16 22:51:24,227-0300 INFO  (SpringApplicationShutdownHook) com.zaxxer.hikari.HikariDataSource - HikariPool-1 - Shutdown initiated...
[workout] 2022-07-16 22:51:24,227-0300 INFO  (SpringApplicationShutdownHook) com.zaxxer.hikari.HikariDataSource - HikariPool-1 - Shutdown completed.
[workout] 2022-07-16 22:51:30,365-0300 INFO  (main) com.example.luizmangerotte.workout.WorkoutApplication - Starting application
[workout] 2022-07-16 22:51:30,983-0300 INFO  (main) com.example.luizmangerotte.workout.WorkoutApplication - Starting WorkoutApplication using Java 18.0.1.1 on DESKTOP-QUIJU4Q with PID 5604 (C:\Users\Luiz\Desktop\Java - Udemy\workout\workout\target\classes started by Luiz in C:\Users\Luiz\Desktop\Java - Udemy\workout)
[workout] 2022-07-16 22:51:30,983-0300 INFO  (main) com.example.luizmangerotte.workout.WorkoutApplication - The following 1 profile is active: "test"
[workout] 2022-07-16 22:51:31,928-0300 INFO  (main) org.springframework.data.repository.config.RepositoryConfigurationDelegate - Bootstrapping Spring Data JPA repositories in DEFAULT mode.
[workout] 2022-07-16 22:51:32,037-0300 INFO  (main) org.springframework.data.repository.config.RepositoryConfigurationDelegate - Finished Spring Data repository scanning in 101 ms. Found 9 JPA repository interfaces.
[workout] 2022-07-16 22:51:32,807-0300 INFO  (main) org.springframework.boot.web.embedded.tomcat.TomcatWebServer - Tomcat initialized with port(s): 8080 (http)
[workout] 2022-07-16 22:51:32,823-0300 INFO  (main) org.apache.coyote.http11.Http11NioProtocol - Initializing ProtocolHandler ["http-nio-8080"]
[workout] 2022-07-16 22:51:32,823-0300 INFO  (main) org.apache.catalina.core.StandardService - Starting service [Tomcat]
[workout] 2022-07-16 22:51:32,823-0300 INFO  (main) org.apache.catalina.core.StandardEngine - Starting Servlet engine: [Apache Tomcat/9.0.64]
[workout] 2022-07-16 22:51:32,963-0300 INFO  (main) org.apache.catalina.core.ContainerBase.[Tomcat].[localhost].[/] - Initializing Spring embedded WebApplicationContext
[workout] 2022-07-16 22:51:32,963-0300 INFO  (main) org.springframework.boot.web.servlet.context.ServletWebServerApplicationContext - Root WebApplicationContext: initialization completed in 1920 ms
[workout] 2022-07-16 22:51:32,995-0300 INFO  (main) com.zaxxer.hikari.HikariDataSource - HikariPool-1 - Starting...
[workout] 2022-07-16 22:51:33,260-0300 INFO  (main) com.zaxxer.hikari.HikariDataSource - HikariPool-1 - Start completed.
[workout] 2022-07-16 22:51:33,276-0300 INFO  (main) org.springframework.boot.autoconfigure.h2.H2ConsoleAutoConfiguration - H2 console available at '/h2-console'. Database available at 'jdbc:h2:mem:testdb'
[workout] 2022-07-16 22:51:33,495-0300 INFO  (main) org.hibernate.jpa.internal.util.LogHelper - HHH000204: Processing PersistenceUnitInfo [name: default]
[workout] 2022-07-16 22:51:33,573-0300 INFO  (main) org.hibernate.Version - HHH000412: Hibernate ORM core version 5.6.9.Final
[workout] 2022-07-16 22:51:33,792-0300 INFO  (main) org.hibernate.annotations.common.Version - HCANN000001: Hibernate Commons Annotations {5.1.2.Final}
[workout] 2022-07-16 22:51:33,948-0300 INFO  (main) org.hibernate.dialect.Dialect - HHH000400: Using dialect: org.hibernate.dialect.H2Dialect
[workout] 2022-07-16 22:51:34,855-0300 INFO  (main) org.hibernate.engine.transaction.jta.platform.internal.JtaPlatformInitiator - HHH000490: Using JtaPlatform implementation: [org.hibernate.engine.transaction.jta.platform.internal.NoJtaPlatform]
[workout] 2022-07-16 22:51:34,855-0300 INFO  (main) org.springframework.orm.jpa.LocalContainerEntityManagerFactoryBean - Initialized JPA EntityManagerFactory for persistence unit 'default'
[workout] 2022-07-16 22:51:36,074-0300 INFO  (main) org.apache.coyote.http11.Http11NioProtocol - Starting ProtocolHandler ["http-nio-8080"]
[workout] 2022-07-16 22:51:36,090-0300 INFO  (main) org.springframework.boot.web.embedded.tomcat.TomcatWebServer - Tomcat started on port(s): 8080 (http) with context path ''
[workout] 2022-07-16 22:51:36,105-0300 INFO  (main) com.example.luizmangerotte.workout.WorkoutApplication - Started WorkoutApplication in 5.603 seconds (JVM running for 6.3)
[workout] 2022-07-16 22:51:36,309-0300 INFO  (main) com.example.luizmangerotte.workout.WorkoutApplication - Aplication run
[workout] 2022-07-16 22:52:28,953-0300 INFO  (SpringApplicationShutdownHook) org.springframework.orm.jpa.LocalContainerEntityManagerFactoryBean - Closing JPA EntityManagerFactory for persistence unit 'default'
[workout] 2022-07-16 22:52:28,953-0300 INFO  (SpringApplicationShutdownHook) org.hibernate.tool.schema.internal.SchemaDropperImpl$DelayedDropActionImpl - HHH000477: Starting delayed evictData of schema as part of SessionFactory shut-down'
[workout] 2022-07-16 22:52:29,127-0300 INFO  (SpringApplicationShutdownHook) com.zaxxer.hikari.HikariDataSource - HikariPool-1 - Shutdown initiated...
[workout] 2022-07-16 22:52:29,143-0300 INFO  (SpringApplicationShutdownHook) com.zaxxer.hikari.HikariDataSource - HikariPool-1 - Shutdown completed.
